<?xml version="1.0" encoding="UTF-8"?>
<!-- Generated by org.testng.reporters.JUnitXMLReporter -->
<testsuite hostname="BRD-PF0KTTGX-L" ignored="2" name="Free CRM App Test Cases" tests="2" failures="0" timestamp="11 Sep 2018 06:28:54 GMT" time="17.074" errors="0">
  <testcase name="headerTitleTest" time="1.585" classname="com.ols.tests.HomePageTest"/>
  <testcase name="loginTest" time="2.973" classname="com.ols.tests.AdminLoginPageTest"/>
  <testcase name="@BeforeSuite initiateSute" time="0.0" classname="com.ols.testbase.TestBase">
    <ignored/>
  </testcase> <!-- @BeforeSuite initiateSute -->
  <testcase name="@AfterSuite sendReportEmail" time="0.0" classname="com.ols.testbase.TestBase">
    <ignored/>
  </testcase> <!-- @AfterSuite sendReportEmail -->
</testsuite> <!-- Free CRM App Test Cases -->
